info: app.js: Jun-21-2022 12:11:31: app has been started on port 5001...
info: app.js: Jun-21-2022 12:11:31: https has been started on port 5002...
info: исполняемый файлapp.js: Jun-21-2022 12:12:43: app has been started on port 5001...
info: исполняемый файлapp.js: Jun-21-2022 12:12:43: https has been started on port 5002...
info: исполняемый файл: app.js: Jun-21-2022 17:16:12: app has been started on port 5001...
info: исполняемый файл: app.js: Jun-21-2022 17:16:12: https has been started on port 5002...
info: исполняемый файл: app.js: Jul-05-2022 11:14:46: app has been started on port 5001...
info: исполняемый файл: app.js: Jul-05-2022 11:14:46: https has been started on port 5002...
info: исполняемый файл: parserTender.js: Jul-05-2022 11:15:16: Post запрос заявка на тендер
info: исполняемый файл: parserTender.js: Jul-05-2022 11:15:52: Post запрос заявка на тендер
info: исполняемый файл: parserTender.js: Jul-05-2022 11:23:17: Post запрос заявка на тендер
info: исполняемый файл: parserTender.js: Jul-05-2022 11:23:23: Post запрос заявка на тендер
info: исполняемый файл: parserTender.js: Jul-05-2022 11:26:52: Post запрос заявка на тендер
info: исполняемый файл: parserTender.js: Jul-05-2022 11:29:49: Post запрос заявка на тендер
info: исполняемый файл: parserTender.js: Jul-05-2022 11:33:28: Post запрос заявка на тендер
info: исполняемый файл: parserTender.js: Jul-05-2022 11:33:34: Post запрос заявка на тендер
info: исполняемый файл: parserTender.js: Jul-05-2022 11:47:57: Post запрос заявка на тендер
info: исполняемый файл: parserTender.js: Jul-05-2022 11:50:56: Post запрос заявка на тендер
info: исполняемый файл: parserTender.js: Jul-05-2022 11:53:07: Post запрос заявка на тендер
info: исполняемый файл: parserTender.js: Jul-05-2022 11:54:46: Post запрос заявка на тендер
info: исполняемый файл: parserTender.js: Jul-05-2022 11:57:07: Post запрос заявка на тендер
info: исполняемый файл: parserTender.js: Jul-05-2022 12:38:00: Post запрос заявка на тендер
info: исполняемый файл: parserTender.js: Jul-05-2022 12:39:56: Post запрос заявка на тендер
info: исполняемый файл: parserTender.js: Jul-05-2022 12:48:54: Post запрос заявка на тендер
info: исполняемый файл: parserTender.js: Jul-05-2022 13:27:19: Post запрос заявка на тендер
info: исполняемый файл: parserTender.js: Jul-05-2022 13:30:04: Post запрос заявка на тендер
info: исполняемый файл: parserTender.js: Jul-05-2022 13:32:38: Post запрос заявка на тендер
info: исполняемый файл: parserTender.js: Jul-05-2022 13:50:24: Post запрос заявка на тендер
info: исполняемый файл: parserTender.js: Jul-05-2022 15:35:13: Post запрос заявка на тендер
info: исполняемый файл: parserTender.js: Jul-05-2022 15:37:05: Post запрос заявка на тендер
info: исполняемый файл: parserTender.js: Jul-05-2022 15:41:27: Post запрос заявка на тендер
info: исполняемый файл: parserTender.js: Jul-05-2022 15:47:13: Post запрос заявка на тендер
info: исполняемый файл: app.js: Jul-05-2022 15:47:55: app has been started on port 5001...
info: исполняемый файл: app.js: Jul-05-2022 15:47:55: https has been started on port 5002...
info: исполняемый файл: parserTender.js: Jul-05-2022 15:48:09: Post запрос заявка на тендер
info: исполняемый файл: app.js: Jul-05-2022 15:52:35: app has been started on port 5001...
info: исполняемый файл: app.js: Jul-05-2022 15:52:35: https has been started on port 5002...
info: исполняемый файл: parserTender.js: Jul-05-2022 15:52:53: Post запрос заявка на тендер
error: исполняемый файл: parserTender.js: Jul-05-2022 15:52:53: ReferenceError: Cannot access 'ws' before initialization
info: исполняемый файл: app.js: Jul-05-2022 16:15:06: app has been started on port 5001...
info: исполняемый файл: app.js: Jul-05-2022 16:15:06: https has been started on port 5002...
info: исполняемый файл: parserTender.js: Jul-05-2022 16:15:22: Post запрос заявка на тендер
error: исполняемый файл: parserTender.js: Jul-05-2022 16:15:22: ReferenceError: Cannot access 'ws' before initialization
info: исполняемый файл: app.js: Jul-06-2022 09:31:12: app has been started on port 5001...
info: исполняемый файл: app.js: Jul-06-2022 09:31:12: https has been started on port 5002...
info: исполняемый файл: parserTender.js: Jul-06-2022 09:32:29: Post запрос заявка на тендер
error: исполняемый файл: parserTender.js: Jul-06-2022 09:32:29: ReferenceError: Cannot access 'ws' before initialization
info: исполняемый файл: app.js: Jul-06-2022 09:33:38: app has been started on port 5001...
info: исполняемый файл: app.js: Jul-06-2022 09:33:38: https has been started on port 5002...
info: исполняемый файл: parserTender.js: Jul-06-2022 09:33:57: Post запрос заявка на тендер
error: исполняемый файл: parserTender.js: Jul-06-2022 09:33:57: ReferenceError: Cannot access 'ws' before initialization
info: исполняемый файл: parserTender.js: Jul-06-2022 09:34:10: Post запрос заявка на тендер
error: исполняемый файл: parserTender.js: Jul-06-2022 09:34:10: ReferenceError: Cannot access 'ws' before initialization
info: исполняемый файл: app.js: Jul-06-2022 09:37:41: app has been started on port 5001...
info: исполняемый файл: app.js: Jul-06-2022 09:37:41: https has been started on port 5002...
info: исполняемый файл: parserTender.js: Jul-06-2022 09:37:46: Post запрос заявка на тендер
info: исполняемый файл: app.js: Jul-06-2022 09:56:56: app has been started on port 5001...
info: исполняемый файл: app.js: Jul-06-2022 09:56:56: https has been started on port 5002...
info: исполняемый файл: parserTender.js: Jul-06-2022 09:57:24: Post запрос заявка на тендер
info: исполняемый файл: parserTender.js: Jul-06-2022 09:57:25: Файл создан
info: исполняемый файл: parserTender.js: Jul-06-2022 10:01:32: Post запрос заявка на тендер
info: исполняемый файл: parserTender.js: Jul-06-2022 10:01:32: Файл создан
info: исполняемый файл: app.js: Jul-06-2022 10:02:07: app has been started on port 5001...
info: исполняемый файл: app.js: Jul-06-2022 10:02:07: https has been started on port 5002...
info: исполняемый файл: parserTender.js: Jul-06-2022 10:02:15: Post запрос заявка на тендер
info: исполняемый файл: parserTender.js: Jul-06-2022 10:02:15: Файл создан
info: исполняемый файл: app.js: Jul-06-2022 10:03:02: app has been started on port 5001...
info: исполняемый файл: app.js: Jul-06-2022 10:03:03: https has been started on port 5002...
info: исполняемый файл: parserTender.js: Jul-06-2022 10:03:05: Post запрос заявка на тендер
error: исполняемый файл: parserTender.js: Jul-06-2022 10:03:05: EBUSY: resource busy or locked, open 'D:\Залужный Илья\Сервера Nodejs\jsonToXlsx\Тендер.xlsx'
info: исполняемый файл: app.js: Jul-06-2022 10:04:43: app has been started on port 5001...
info: исполняемый файл: app.js: Jul-06-2022 10:04:43: https has been started on port 5002...
info: исполняемый файл: parserTender.js: Jul-06-2022 10:25:16: Post запрос заявка на тендер
info: исполняемый файл: parserTender.js: Jul-06-2022 10:25:16: Файл создан
info: исполняемый файл: app.js: Jul-06-2022 10:26:56: app has been started on port 5001...
info: исполняемый файл: app.js: Jul-06-2022 10:26:56: https has been started on port 5002...
info: исполняемый файл: parserTender.js: Jul-06-2022 10:27:00: Post запрос заявка на тендер
error: исполняемый файл: parserTender.js: Jul-06-2022 10:27:01: EBUSY: resource busy or locked, open 'D:\Залужный Илья\Сервера Nodejs\jsonToXlsx\Тендер.xlsx'
info: исполняемый файл: app.js: Jul-06-2022 10:28:05: app has been started on port 5001...
info: исполняемый файл: app.js: Jul-06-2022 10:28:05: https has been started on port 5002...
info: исполняемый файл: parserTender.js: Jul-06-2022 10:28:07: Post запрос заявка на тендер
info: исполняемый файл: parserTender.js: Jul-06-2022 10:28:07: Файл создан
info: исполняемый файл: app.js: Jul-06-2022 10:28:47: app has been started on port 5001...
info: исполняемый файл: app.js: Jul-06-2022 10:28:47: https has been started on port 5002...
info: исполняемый файл: parserTender.js: Jul-06-2022 10:28:49: Post запрос заявка на тендер
error: исполняемый файл: parserTender.js: Jul-06-2022 10:28:49: EBUSY: resource busy or locked, open 'D:\Залужный Илья\Сервера Nodejs\jsonToXlsx\Тендер.xlsx'
info: исполняемый файл: app.js: Jul-06-2022 10:36:00: app has been started on port 5001...
info: исполняемый файл: app.js: Jul-06-2022 10:36:00: https has been started on port 5002...
info: исполняемый файл: parserTender.js: Jul-06-2022 10:36:05: Post запрос заявка на тендер
info: исполняемый файл: parserTender.js: Jul-06-2022 10:36:05: Файл создан
info: исполняемый файл: app.js: Jul-06-2022 10:41:02: app has been started on port 5001...
info: исполняемый файл: app.js: Jul-06-2022 10:41:02: https has been started on port 5002...
info: исполняемый файл: parserTender.js: Jul-06-2022 10:41:18: Post запрос заявка на тендер
info: исполняемый файл: parserTender.js: Jul-06-2022 10:41:18: Файл создан
info: исполняемый файл: app.js: Jul-06-2022 10:52:27: app has been started on port 5001...
info: исполняемый файл: app.js: Jul-06-2022 10:52:27: https has been started on port 5002...
info: исполняемый файл: parserTender.js: Jul-06-2022 10:52:32: Post запрос заявка на тендер
error: исполняемый файл: parserTender.js: Jul-06-2022 10:52:32: ReferenceError: ture is not defined
info: исполняемый файл: parserTender.js: Jul-06-2022 10:53:00: Post запрос заявка на тендер
error: исполняемый файл: parserTender.js: Jul-06-2022 10:53:00: ReferenceError: ture is not defined
info: исполняемый файл: app.js: Jul-06-2022 10:53:13: app has been started on port 5001...
info: исполняемый файл: app.js: Jul-06-2022 10:53:13: https has been started on port 5002...
info: исполняемый файл: parserTender.js: Jul-06-2022 10:53:18: Post запрос заявка на тендер
error: исполняемый файл: parserTender.js: Jul-06-2022 10:53:18: ReferenceError: ture is not defined
info: исполняемый файл: app.js: Jul-06-2022 10:55:07: app has been started on port 5001...
info: исполняемый файл: app.js: Jul-06-2022 10:55:07: https has been started on port 5002...
info: исполняемый файл: parserTender.js: Jul-06-2022 10:55:10: Post запрос заявка на тендер
error: исполняемый файл: parserTender.js: Jul-06-2022 10:55:10: ReferenceError: ture is not defined
info: исполняемый файл: app.js: Jul-06-2022 10:55:44: app has been started on port 5001...
info: исполняемый файл: app.js: Jul-06-2022 10:55:44: https has been started on port 5002...
info: исполняемый файл: parserTender.js: Jul-06-2022 10:55:46: Post запрос заявка на тендер
info: исполняемый файл: parserTender.js: Jul-06-2022 10:55:46: Файл создан
info: исполняемый файл: parserTender.js: Jul-06-2022 11:04:52: Post запрос заявка на тендер
info: исполняемый файл: parserTender.js: Jul-06-2022 11:04:52: Файл создан
info: исполняемый файл: app.js: Jul-06-2022 11:17:51: app has been started on port 5001...
info: исполняемый файл: app.js: Jul-06-2022 11:17:51: https has been started on port 5002...
info: исполняемый файл: parserTender.js: Jul-06-2022 11:18:09: Post запрос заявка на тендер
info: исполняемый файл: parserTender.js: Jul-06-2022 11:18:09: Файл создан
info: исполняемый файл: app.js: Jul-06-2022 11:26:47: app has been started on port 5001...
info: исполняемый файл: app.js: Jul-06-2022 11:26:47: https has been started on port 5002...
info: исполняемый файл: parserTender.js: Jul-06-2022 11:26:58: Post запрос заявка на тендер
info: исполняемый файл: parserTender.js: Jul-06-2022 11:26:58: Файл создан
info: исполняемый файл: app.js: Jul-06-2022 11:40:59: app has been started on port 5001...
info: исполняемый файл: app.js: Jul-06-2022 11:40:59: https has been started on port 5002...
info: исполняемый файл: parserTender.js: Jul-06-2022 11:41:27: Post запрос заявка на тендер
info: исполняемый файл: parserTender.js: Jul-06-2022 11:41:27: Файл создан
info: исполняемый файл: parserTender.js: Jul-06-2022 11:43:28: Post запрос заявка на тендер
info: исполняемый файл: parserTender.js: Jul-06-2022 11:43:28: Файл создан
info: исполняемый файл: parserTender.js: Jul-06-2022 12:02:28: Post запрос заявка на тендер
error: исполняемый файл: parserTender.js: Jul-06-2022 12:02:29: EBUSY: resource busy or locked, open 'D:\Залужный Илья\Сервера Nodejs\jsonToXlsx\Тендер.xlsx'
info: исполняемый файл: app.js: Jul-06-2022 12:48:38: app has been started on port 5001...
info: исполняемый файл: app.js: Jul-06-2022 12:48:38: https has been started on port 5002...
info: исполняемый файл: parserTender.js: Jul-06-2022 12:49:08: Post запрос заявка на тендер
info: исполняемый файл: parserTender.js: Jul-06-2022 12:49:08: Файл создан
info: исполняемый файл: parserTender.js: Jul-06-2022 13:57:58: Post запрос заявка на тендер
info: исполняемый файл: parserTender.js: Jul-06-2022 13:57:58: Файл создан
info: исполняемый файл: app.js: Jul-06-2022 13:58:57: app has been started on port 5001...
info: исполняемый файл: app.js: Jul-06-2022 13:58:57: https has been started on port 5002...
info: исполняемый файл: parserTender.js: Jul-06-2022 13:59:12: Post запрос заявка на тендер
info: исполняемый файл: parserTender.js: Jul-06-2022 13:59:12: Файл создан
info: исполняемый файл: parser.js: Jul-06-2022 14:15:20: POST запрос
error: исполняемый файл: parser.js: Jul-06-2022 14:15:20: TypeError: mainTable.createTAble is not a function
info: исполняемый файл: parser.js: Jul-06-2022 14:15:37: POST запрос
error: исполняемый файл: parser.js: Jul-06-2022 14:15:37: TypeError: mainTable.createTAble is not a function
info: исполняемый файл: app.js: Jul-06-2022 14:26:47: app has been started on port 5001...
info: исполняемый файл: app.js: Jul-06-2022 14:26:47: https has been started on port 5002...
info: исполняемый файл: parserPlanZak.js: Jul-06-2022 14:27:02: POST запрос
error: исполняемый файл: parserPlanZak.js: Jul-06-2022 14:27:02: TypeError: this.setData is not a function
info: исполняемый файл: app.js: Jul-06-2022 14:28:14: app has been started on port 5001...
info: исполняемый файл: app.js: Jul-06-2022 14:28:14: https has been started on port 5002...
info: исполняемый файл: parserPlanZak.js: Jul-06-2022 14:28:19: POST запрос
info: исполняемый файл: parserPlanZak.js: Jul-06-2022 14:28:19: Файл создан
info: исполняемый файл: parserPlanZak.js: Jul-06-2022 14:29:03: POST запрос
info: исполняемый файл: parserPlanZak.js: Jul-06-2022 14:29:03: Файл создан
info: исполняемый файл: parserTender.js: Jul-06-2022 14:42:04: Post запрос заявка на тендер
info: исполняемый файл: parserTender.js: Jul-06-2022 14:42:04: Файл создан
info: исполняемый файл: parserTender.js: Jul-06-2022 14:44:31: Post запрос заявка на тендер
info: исполняемый файл: parserTender.js: Jul-06-2022 14:44:31: Файл создан
info: исполняемый файл: parserPlanZak.js: Jul-06-2022 14:50:10: POST запрос
info: исполняемый файл: parserPlanZak.js: Jul-06-2022 14:50:10: Файл создан
info: исполняемый файл: parserPlanZak.js: Jul-06-2022 14:50:32: POST запрос
info: исполняемый файл: parserPlanZak.js: Jul-06-2022 14:50:32: Файл создан
info: исполняемый файл: parserTender.js: Jul-06-2022 14:52:01: Post запрос заявка на тендер
info: исполняемый файл: parserTender.js: Jul-06-2022 14:52:01: Файл создан
info: исполняемый файл: parserTender.js: Jul-06-2022 14:52:13: Post запрос заявка на тендер
info: исполняемый файл: parserTender.js: Jul-06-2022 14:52:13: Файл создан
info: исполняемый файл: parserTender.js: Jul-06-2022 14:55:09: Post запрос заявка на тендер
info: исполняемый файл: parserTender.js: Jul-06-2022 14:55:09: Файл создан
info: исполняемый файл: parserTender.js: Jul-06-2022 15:03:36: Post запрос заявка на тендер
info: исполняемый файл: parserTender.js: Jul-06-2022 15:03:36: Файл создан
info: исполняемый файл: parserTender.js: Jul-06-2022 15:06:33: Post запрос заявка на тендер
info: исполняемый файл: parserTender.js: Jul-06-2022 15:06:33: Файл создан
info: исполняемый файл: parserTender.js: Jul-06-2022 15:10:57: Post запрос заявка на тендер
info: исполняемый файл: parserTender.js: Jul-06-2022 15:10:57: Файл создан
info: исполняемый файл: parserTender.js: Jul-06-2022 15:11:08: Post запрос заявка на тендер
info: исполняемый файл: parserTender.js: Jul-06-2022 15:11:08: Файл создан
info: исполняемый файл: parserTender.js: Jul-06-2022 15:11:33: Post запрос заявка на тендер
info: исполняемый файл: parserTender.js: Jul-06-2022 15:11:33: Файл создан
info: исполняемый файл: parserTender.js: Jul-06-2022 15:20:45: Post запрос заявка на тендер
info: исполняемый файл: parserTender.js: Jul-06-2022 15:20:45: Файл создан
info: исполняемый файл: parserTender.js: Jul-06-2022 15:23:40: Post запрос заявка на тендер
info: исполняемый файл: parserTender.js: Jul-06-2022 15:23:40: Файл создан
info: исполняемый файл: parserTender.js: Jul-06-2022 15:24:17: Post запрос заявка на тендер
info: исполняемый файл: parserTender.js: Jul-06-2022 15:24:17: Файл создан
info: исполняемый файл: parserTender.js: Jul-06-2022 15:25:49: Post запрос заявка на тендер
info: исполняемый файл: parserTender.js: Jul-06-2022 15:25:49: Файл создан
info: исполняемый файл: parserTender.js: Jul-06-2022 15:27:22: Post запрос заявка на тендер
info: исполняемый файл: parserTender.js: Jul-06-2022 15:27:22: Файл создан
info: исполняемый файл: parserTender.js: Jul-06-2022 15:30:51: Post запрос заявка на тендер
info: исполняемый файл: parserTender.js: Jul-06-2022 15:30:51: Файл создан
info: исполняемый файл: parserTender.js: Jul-06-2022 15:41:36: Post запрос заявка на тендер
info: исполняемый файл: parserTender.js: Jul-06-2022 15:41:36: Файл создан
info: исполняемый файл: parserTender.js: Jul-06-2022 15:41:49: Post запрос заявка на тендер
info: исполняемый файл: parserTender.js: Jul-06-2022 15:41:49: Файл создан
info: исполняемый файл: app.js: Jul-06-2022 16:55:47: app has been started on port 5001...
info: исполняемый файл: app.js: Jul-06-2022 16:55:47: https has been started on port 5002...
info: исполняемый файл: parserTender.js: Jul-06-2022 16:56:54: Post запрос Тендерный акт
error: исполняемый файл: parserTender.js: Jul-06-2022 16:56:54: TypeError: ws.cell(...).string(...).style(...) is not a function
info: исполняемый файл: app.js: Jul-06-2022 16:59:05: app has been started on port 5001...
info: исполняемый файл: app.js: Jul-06-2022 16:59:05: https has been started on port 5002...
info: исполняемый файл: parserTender.js: Jul-06-2022 16:59:21: Post запрос Тендерный акт
error: исполняемый файл: parserTender.js: Jul-06-2022 16:59:21: TypeError: ws.cell(...).string(...).style(...) is not a function
info: исполняемый файл: app.js: Jul-06-2022 17:00:18: app has been started on port 5001...
info: исполняемый файл: app.js: Jul-06-2022 17:00:18: https has been started on port 5002...
info: исполняемый файл: parserTender.js: Jul-06-2022 17:00:21: Post запрос Тендерный акт
error: исполняемый файл: parserTender.js: Jul-06-2022 17:00:21: TypeError: ws.cell(...).string(...).style(...) is not a function
info: исполняемый файл: app.js: Jul-06-2022 17:05:01: app has been started on port 5001...
info: исполняемый файл: app.js: Jul-06-2022 17:05:01: https has been started on port 5002...
info: исполняемый файл: parserTender.js: Jul-06-2022 17:05:06: Post запрос Тендерный акт
error: исполняемый файл: parserTender.js: Jul-06-2022 17:05:06: TypeError: ws.cell(...).string(...).style(...) is not a function
info: исполняемый файл: app.js: Jul-06-2022 17:05:43: app has been started on port 5001...
info: исполняемый файл: app.js: Jul-06-2022 17:05:43: https has been started on port 5002...
info: исполняемый файл: parserTender.js: Jul-06-2022 17:05:56: Post запрос Тендерный акт
error: исполняемый файл: parserTender.js: Jul-06-2022 17:05:56: TypeError: ws.cell(...).string(...).style(...) is not a function
info: исполняемый файл: app.js: Jul-06-2022 17:07:14: app has been started on port 5001...
info: исполняемый файл: app.js: Jul-06-2022 17:07:14: https has been started on port 5002...
info: исполняемый файл: parserTender.js: Jul-06-2022 17:07:28: Post запрос Тендерный акт
info: исполняемый файл: parserTender.js: Jul-06-2022 17:07:28: Файл создан
info: исполняемый файл: app.js: Jul-06-2022 17:09:11: app has been started on port 5001...
info: исполняемый файл: app.js: Jul-06-2022 17:09:11: https has been started on port 5002...
info: исполняемый файл: parserTender.js: Jul-06-2022 17:09:23: Post запрос Тендерный акт
error: исполняемый файл: parserTender.js: Jul-06-2022 17:09:23: TypeError: ws.cell(...).string(...).style(...) is not a function
info: исполняемый файл: app.js: Jul-06-2022 17:10:54: app has been started on port 5001...
info: исполняемый файл: app.js: Jul-06-2022 17:10:54: https has been started on port 5002...
info: исполняемый файл: parserTender.js: Jul-06-2022 17:10:55: Post запрос Тендерный акт
info: исполняемый файл: parserTender.js: Jul-06-2022 17:10:56: Файл создан
info: исполняемый файл: parserTender.js: Jul-06-2022 17:16:29: Post запрос Тендерный акт
info: исполняемый файл: parserTender.js: Jul-06-2022 17:16:29: Файл создан
info: исполняемый файл: parserTender.js: Jul-06-2022 17:17:18: Post запрос Тендерный акт
info: исполняемый файл: parserTender.js: Jul-06-2022 17:17:18: Файл создан
info: исполняемый файл: app.js: Jul-06-2022 17:17:59: app has been started on port 5001...
info: исполняемый файл: app.js: Jul-06-2022 17:17:59: https has been started on port 5002...
info: исполняемый файл: parserTender.js: Jul-06-2022 17:18:13: Post запрос Тендерный акт
info: исполняемый файл: parserTender.js: Jul-06-2022 17:18:13: Файл создан
info: исполняемый файл: parserTender.js: Jul-06-2022 17:58:43: Post запрос Тендерный акт
info: исполняемый файл: parserTender.js: Jul-06-2022 17:58:43: Файл создан
info: исполняемый файл: app.js: Jul-06-2022 17:59:05: app has been started on port 5001...
info: исполняемый файл: app.js: Jul-06-2022 17:59:05: https has been started on port 5002...
info: исполняемый файл: parserTender.js: Jul-06-2022 17:59:17: Post запрос Тендерный акт
info: исполняемый файл: parserTender.js: Jul-06-2022 17:59:17: Файл создан
info: исполняемый файл: app.js: Jul-06-2022 18:01:11: app has been started on port 5001...
info: исполняемый файл: app.js: Jul-06-2022 18:01:11: https has been started on port 5002...
info: исполняемый файл: parserTender.js: Jul-06-2022 18:01:26: Post запрос Тендерный акт
info: исполняемый файл: parserTender.js: Jul-06-2022 18:01:26: Файл создан
info: исполняемый файл: app.js: Jul-06-2022 18:15:16: app has been started on port 5001...
info: исполняемый файл: app.js: Jul-06-2022 18:15:16: https has been started on port 5002...
info: исполняемый файл: parserTender.js: Jul-06-2022 18:15:37: Post запрос Тендерный акт
info: исполняемый файл: parserTender.js: Jul-06-2022 18:15:37: Файл создан
info: исполняемый файл: parserTender.js: Jul-06-2022 18:18:13: Post запрос Тендерный акт
info: исполняемый файл: parserTender.js: Jul-06-2022 18:18:13: Файл создан
info: исполняемый файл: app.js: Jul-06-2022 18:18:30: app has been started on port 5001...
info: исполняемый файл: app.js: Jul-06-2022 18:18:30: https has been started on port 5002...
info: исполняемый файл: parserTender.js: Jul-06-2022 18:18:35: Post запрос Тендерный акт
info: исполняемый файл: parserTender.js: Jul-06-2022 18:18:35: Файл создан
info: исполняемый файл: app.js: Jul-06-2022 18:20:20: app has been started on port 5001...
info: исполняемый файл: app.js: Jul-06-2022 18:20:20: https has been started on port 5002...
info: исполняемый файл: parserTender.js: Jul-06-2022 18:20:22: Post запрос Тендерный акт
error: исполняемый файл: parserTender.js: Jul-06-2022 18:20:22: EBUSY: resource busy or locked, open 'D:\Залужный Илья\Сервера Nodejs\jsonToXlsx\Тендер.xlsx'
info: исполняемый файл: app.js: Jul-06-2022 18:20:50: app has been started on port 5001...
info: исполняемый файл: app.js: Jul-06-2022 18:20:50: https has been started on port 5002...
info: исполняемый файл: parserTender.js: Jul-06-2022 18:20:52: Post запрос Тендерный акт
info: исполняемый файл: parserTender.js: Jul-06-2022 18:20:52: Файл создан
info: исполняемый файл: parserTender.js: Jul-06-2022 18:22:13: Post запрос Тендерный акт
info: исполняемый файл: parserTender.js: Jul-06-2022 18:22:13: Файл создан
info: исполняемый файл: app.js: Jul-06-2022 18:25:34: app has been started on port 5001...
info: исполняемый файл: app.js: Jul-06-2022 18:25:34: https has been started on port 5002...
info: исполняемый файл: parserTender.js: Jul-06-2022 18:25:44: Post запрос Тендерный акт
info: исполняемый файл: parserTender.js: Jul-06-2022 18:25:44: Файл создан
info: исполняемый файл: parserTender.js: Jul-07-2022 09:25:27: Post запрос Тендерный акт
error: исполняемый файл: parserTender.js: Jul-07-2022 09:25:27: EBUSY: resource busy or locked, open 'D:\Залужный Илья\Сервера Nodejs\jsonToXlsx\Тендер.xlsx'
info: исполняемый файл: app.js: Jul-07-2022 09:34:08: app has been started on port 5001...
info: исполняемый файл: app.js: Jul-07-2022 09:34:08: https has been started on port 5002...
info: исполняемый файл: parserTender.js: Jul-07-2022 09:34:22: Post запрос Тендерный акт
info: исполняемый файл: parserTender.js: Jul-07-2022 09:34:22: Файл создан
info: исполняемый файл: app.js: Jul-07-2022 09:36:11: app has been started on port 5001...
info: исполняемый файл: app.js: Jul-07-2022 09:36:11: https has been started on port 5002...
info: исполняемый файл: parserTender.js: Jul-07-2022 09:36:21: Post запрос Тендерный акт
info: исполняемый файл: parserTender.js: Jul-07-2022 09:36:21: Файл создан
info: исполняемый файл: app.js: Jul-07-2022 09:37:22: app has been started on port 5001...
info: исполняемый файл: app.js: Jul-07-2022 09:37:22: https has been started on port 5002...
info: исполняемый файл: parserTender.js: Jul-07-2022 09:37:24: Post запрос Тендерный акт
info: исполняемый файл: parserTender.js: Jul-07-2022 09:37:24: Файл создан
info: исполняемый файл: app.js: Jul-07-2022 09:39:06: app has been started on port 5001...
info: исполняемый файл: app.js: Jul-07-2022 09:39:06: https has been started on port 5002...
info: исполняемый файл: parserTender.js: Jul-07-2022 09:39:14: Post запрос Тендерный акт
error: исполняемый файл: parserTender.js: Jul-07-2022 09:39:14: ReferenceError: Invalid left-hand side expression in prefix operation
info: исполняемый файл: app.js: Jul-07-2022 09:40:22: app has been started on port 5001...
info: исполняемый файл: app.js: Jul-07-2022 09:40:22: https has been started on port 5002...
info: исполняемый файл: parserTender.js: Jul-07-2022 09:40:25: Post запрос Тендерный акт
info: исполняемый файл: parserTender.js: Jul-07-2022 09:40:25: Файл создан
info: исполняемый файл: app.js: Jul-07-2022 09:41:43: app has been started on port 5001...
info: исполняемый файл: app.js: Jul-07-2022 09:41:43: https has been started on port 5002...
info: исполняемый файл: parserTender.js: Jul-07-2022 09:41:46: Post запрос Тендерный акт
error: исполняемый файл: parserTender.js: Jul-07-2022 09:41:46: EBUSY: resource busy or locked, open 'D:\Залужный Илья\Сервера Nodejs\jsonToXlsx\Тендер.xlsx'
info: исполняемый файл: app.js: Jul-07-2022 09:47:21: app has been started on port 5001...
info: исполняемый файл: app.js: Jul-07-2022 09:47:21: https has been started on port 5002...
info: исполняемый файл: parserTender.js: Jul-07-2022 09:47:23: Post запрос Тендерный акт
info: исполняемый файл: parserTender.js: Jul-07-2022 09:47:23: Файл создан
info: исполняемый файл: app.js: Jul-07-2022 09:50:40: app has been started on port 5001...
info: исполняемый файл: app.js: Jul-07-2022 09:50:40: https has been started on port 5002...
info: исполняемый файл: parserTender.js: Jul-07-2022 09:50:43: Post запрос Тендерный акт
info: исполняемый файл: parserTender.js: Jul-07-2022 09:50:43: Файл создан
info: исполняемый файл: app.js: Jul-07-2022 09:52:05: app has been started on port 5001...
info: исполняемый файл: app.js: Jul-07-2022 09:52:05: https has been started on port 5002...
info: исполняемый файл: parserTender.js: Jul-07-2022 09:52:18: Post запрос Тендерный акт
info: исполняемый файл: parserTender.js: Jul-07-2022 09:52:18: Файл создан
info: исполняемый файл: app.js: Jul-07-2022 10:07:40: app has been started on port 5001...
info: исполняемый файл: app.js: Jul-07-2022 10:07:40: https has been started on port 5002...
info: исполняемый файл: parserTender.js: Jul-07-2022 10:07:44: Post запрос Тендерный акт
info: исполняемый файл: parserTender.js: Jul-07-2022 10:07:44: Файл создан
info: исполняемый файл: app.js: Jul-07-2022 10:08:43: app has been started on port 5001...
info: исполняемый файл: app.js: Jul-07-2022 10:08:43: https has been started on port 5002...
info: исполняемый файл: parserTender.js: Jul-07-2022 10:08:47: Post запрос Тендерный акт
error: исполняемый файл: parserTender.js: Jul-07-2022 10:08:47: EBUSY: resource busy or locked, open 'D:\Залужный Илья\Сервера Nodejs\jsonToXlsx\Тендер.xlsx'
info: исполняемый файл: app.js: Jul-07-2022 10:09:05: app has been started on port 5001...
info: исполняемый файл: app.js: Jul-07-2022 10:09:05: https has been started on port 5002...
info: исполняемый файл: parserTender.js: Jul-07-2022 10:09:07: Post запрос Тендерный акт
info: исполняемый файл: parserTender.js: Jul-07-2022 10:09:07: Файл создан
info: исполняемый файл: parserTender.js: Jul-07-2022 10:40:44: Post запрос Тендерный акт
error: исполняемый файл: parserTender.js: Jul-07-2022 10:40:45: EBUSY: resource busy or locked, open 'D:\Залужный Илья\Сервера Nodejs\jsonToXlsx\Тендер.xlsx'
info: исполняемый файл: app.js: Jul-07-2022 11:41:33: app has been started on port 5001...
info: исполняемый файл: app.js: Jul-07-2022 11:41:33: https has been started on port 5002...
info: исполняемый файл: parserTender.js: Jul-07-2022 11:41:49: Post запрос Тендерный акт
info: исполняемый файл: parserTender.js: Jul-07-2022 11:41:49: Файл создан
info: исполняемый файл: app.js: Jul-07-2022 11:44:22: app has been started on port 5001...
info: исполняемый файл: app.js: Jul-07-2022 11:44:22: https has been started on port 5002...
info: исполняемый файл: parserTender.js: Jul-07-2022 11:44:24: Post запрос Тендерный акт
info: исполняемый файл: parserTender.js: Jul-07-2022 11:44:25: Файл создан
info: исполняемый файл: app.js: Jul-07-2022 11:45:31: app has been started on port 5001...
info: исполняемый файл: app.js: Jul-07-2022 11:45:31: https has been started on port 5002...
info: исполняемый файл: parserTender.js: Jul-07-2022 11:45:46: Post запрос Тендерный акт
error: исполняемый файл: parserTender.js: Jul-07-2022 11:45:46: EBUSY: resource busy or locked, open 'D:\Залужный Илья\Сервера Nodejs\jsonToXlsx\Тендер.xlsx'
info: исполняемый файл: app.js: Jul-07-2022 11:46:06: app has been started on port 5001...
info: исполняемый файл: app.js: Jul-07-2022 11:46:06: https has been started on port 5002...
info: исполняемый файл: parserTender.js: Jul-07-2022 11:46:09: Post запрос Тендерный акт
info: исполняемый файл: parserTender.js: Jul-07-2022 11:46:09: Файл создан
info: исполняемый файл: app.js: Jul-07-2022 11:46:36: app has been started on port 5001...
info: исполняемый файл: app.js: Jul-07-2022 11:46:36: https has been started on port 5002...
info: исполняемый файл: parserTender.js: Jul-07-2022 11:46:38: Post запрос Тендерный акт
info: исполняемый файл: parserTender.js: Jul-07-2022 11:46:38: Файл создан
info: исполняемый файл: app.js: Jul-07-2022 11:48:59: app has been started on port 5001...
info: исполняемый файл: app.js: Jul-07-2022 11:48:59: https has been started on port 5002...
info: исполняемый файл: parserTender.js: Jul-07-2022 11:49:07: Post запрос Тендерный акт
info: исполняемый файл: parserTender.js: Jul-07-2022 11:49:07: Файл создан
info: исполняемый файл: app.js: Jul-07-2022 11:49:52: app has been started on port 5001...
info: исполняемый файл: app.js: Jul-07-2022 11:49:52: https has been started on port 5002...
info: исполняемый файл: parserTender.js: Jul-07-2022 11:49:57: Post запрос Тендерный акт
info: исполняемый файл: parserTender.js: Jul-07-2022 11:49:57: Файл создан
info: исполняемый файл: app.js: Jul-07-2022 11:56:09: app has been started on port 5001...
info: исполняемый файл: app.js: Jul-07-2022 11:56:09: https has been started on port 5002...
info: исполняемый файл: parserTender.js: Jul-07-2022 11:56:12: Post запрос Тендерный акт
info: исполняемый файл: parserTender.js: Jul-07-2022 11:56:12: Файл создан
info: исполняемый файл: app.js: Jul-07-2022 12:05:50: app has been started on port 5001...
info: исполняемый файл: app.js: Jul-07-2022 12:05:50: https has been started on port 5002...
info: исполняемый файл: parserTender.js: Jul-07-2022 12:05:57: Post запрос Тендерный акт
info: исполняемый файл: parserTender.js: Jul-07-2022 12:05:57: Файл создан
info: исполняемый файл: app.js: Jul-07-2022 12:07:47: app has been started on port 5001...
info: исполняемый файл: app.js: Jul-07-2022 12:07:47: https has been started on port 5002...
info: исполняемый файл: parserTender.js: Jul-07-2022 12:07:53: Post запрос Тендерный акт
error: исполняемый файл: parserTender.js: Jul-07-2022 12:07:53: EBUSY: resource busy or locked, open 'D:\Залужный Илья\Сервера Nodejs\jsonToXlsx\Тендер.xlsx'
info: исполняемый файл: app.js: Jul-07-2022 12:08:15: app has been started on port 5001...
info: исполняемый файл: app.js: Jul-07-2022 12:08:15: https has been started on port 5002...
info: исполняемый файл: parserTender.js: Jul-07-2022 12:08:17: Post запрос Тендерный акт
info: исполняемый файл: parserTender.js: Jul-07-2022 12:08:17: Файл создан
info: исполняемый файл: app.js: Jul-07-2022 12:10:53: app has been started on port 5001...
info: исполняемый файл: app.js: Jul-07-2022 12:10:53: https has been started on port 5002...
info: исполняемый файл: parserTender.js: Jul-07-2022 12:11:37: Post запрос Тендерный акт
info: исполняемый файл: parserTender.js: Jul-07-2022 12:11:37: Файл создан
info: исполняемый файл: parserTender.js: Jul-07-2022 12:12:20: Post запрос Тендерный акт
info: исполняемый файл: parserTender.js: Jul-07-2022 12:12:20: Файл создан
info: исполняемый файл: app.js: Jul-07-2022 12:12:56: app has been started on port 5001...
info: исполняемый файл: app.js: Jul-07-2022 12:12:56: https has been started on port 5002...
info: исполняемый файл: parserTender.js: Jul-07-2022 12:13:11: Post запрос Тендерный акт
info: исполняемый файл: parserTender.js: Jul-07-2022 12:13:11: Файл создан
info: исполняемый файл: app.js: Jul-07-2022 12:23:40: app has been started on port 5001...
info: исполняемый файл: app.js: Jul-07-2022 12:23:40: https has been started on port 5002...
info: исполняемый файл: parserPlanZak.js: Jul-07-2022 12:23:56: POST запрос на создание Плана Закупок
info: исполняемый файл: parserPlanZak.js: Jul-07-2022 12:23:56: Файл создан
info: исполняемый файл: app.js: Jul-07-2022 12:38:56: app has been started on port 5001...
info: исполняемый файл: app.js: Jul-07-2022 12:38:56: https has been started on port 5002...
info: исполняемый файл: parserTender.js: Jul-07-2022 12:38:58: Post запрос Тендерный акт
info: исполняемый файл: parserTender.js: Jul-07-2022 12:38:58: Файл создан
info: исполняемый файл: app.js: Jul-07-2022 12:40:55: app has been started on port 5001...
info: исполняемый файл: app.js: Jul-07-2022 12:40:55: https has been started on port 5002...
info: исполняемый файл: parserTender.js: Jul-07-2022 12:41:13: Post запрос Тендерный акт
info: исполняемый файл: parserTender.js: Jul-07-2022 12:41:13: Файл создан
info: исполняемый файл: app.js: Jul-07-2022 12:56:24: app has been started on port 5001...
info: исполняемый файл: app.js: Jul-07-2022 12:56:24: https has been started on port 5002...
info: исполняемый файл: parserTender.js: Jul-07-2022 12:56:38: Post запрос Тендерный акт
info: исполняемый файл: parserTender.js: Jul-07-2022 12:56:39: Файл создан
info: исполняемый файл: app.js: Jul-07-2022 13:35:12: app has been started on port 5001...
info: исполняемый файл: app.js: Jul-07-2022 13:35:12: https has been started on port 5002...
info: исполняемый файл: parserTender.js: Jul-07-2022 13:35:14: Post запрос Тендерный акт
info: исполняемый файл: parserTender.js: Jul-07-2022 13:35:14: Файл создан
info: исполняемый файл: app.js: Jul-07-2022 13:38:17: app has been started on port 5001...
info: исполняемый файл: app.js: Jul-07-2022 13:38:17: https has been started on port 5002...
info: исполняемый файл: parserTender.js: Jul-07-2022 13:38:19: Post запрос Тендерный акт
info: исполняемый файл: parserTender.js: Jul-07-2022 13:38:20: Файл создан
info: исполняемый файл: parserTender.js: Jul-07-2022 13:47:09: Post запрос Тендерный акт
error: исполняемый файл: parserTender.js: Jul-07-2022 13:47:09: EBUSY: resource busy or locked, open 'D:\Залужный Илья\Сервера Nodejs\jsonToXlsx\Тендер.xlsx'
info: исполняемый файл: app.js: Jul-07-2022 13:48:01: app has been started on port 5001...
info: исполняемый файл: app.js: Jul-07-2022 13:48:01: https has been started on port 5002...
info: исполняемый файл: parserTender.js: Jul-07-2022 13:48:02: Post запрос Тендерный акт
info: исполняемый файл: parserTender.js: Jul-07-2022 13:48:02: Файл создан
info: исполняемый файл: app.js: Jul-07-2022 13:54:32: app has been started on port 5001...
info: исполняемый файл: app.js: Jul-07-2022 13:54:32: https has been started on port 5002...
info: исполняемый файл: parserTender.js: Jul-07-2022 13:54:35: Post запрос Тендерный акт
error: исполняемый файл: parserTender.js: Jul-07-2022 13:54:35: TypeError: excelRefs variable sent to mergeCells function must be an array with length > 0
info: исполняемый файл: app.js: Jul-07-2022 13:56:31: app has been started on port 5001...
info: исполняемый файл: app.js: Jul-07-2022 13:56:31: https has been started on port 5002...
info: исполняемый файл: parserTender.js: Jul-07-2022 13:56:35: Post запрос Тендерный акт
error: исполняемый файл: parserTender.js: Jul-07-2022 13:56:35: TypeError: excelRefs variable sent to mergeCells function must be an array with length > 0
info: исполняемый файл: app.js: Jul-07-2022 13:57:02: app has been started on port 5001...
info: исполняемый файл: app.js: Jul-07-2022 13:57:02: https has been started on port 5002...
info: исполняемый файл: parserTender.js: Jul-07-2022 13:57:06: Post запрос Тендерный акт
error: исполняемый файл: parserTender.js: Jul-07-2022 13:57:06: TypeError: excelRefs variable sent to mergeCells function must be an array with length > 0
info: исполняемый файл: app.js: Jul-07-2022 13:58:22: app has been started on port 5001...
info: исполняемый файл: app.js: Jul-07-2022 13:58:22: https has been started on port 5002...
info: исполняемый файл: parserTender.js: Jul-07-2022 13:58:23: Post запрос Тендерный акт
info: исполняемый файл: parserTender.js: Jul-07-2022 13:58:23: Файл создан
info: исполняемый файл: app.js: Jul-07-2022 14:03:10: app has been started on port 5001...
info: исполняемый файл: app.js: Jul-07-2022 14:03:10: https has been started on port 5002...
info: исполняемый файл: parserTender.js: Jul-07-2022 14:03:13: Post запрос Тендерный акт
info: исполняемый файл: parserTender.js: Jul-07-2022 14:03:14: Файл создан
info: исполняемый файл: parserPlanZak.js: Jul-07-2022 14:14:17: POST запрос на создание Плана Закупок
info: исполняемый файл: parserPlanZak.js: Jul-07-2022 14:14:17: Файл создан
info: исполняемый файл: app.js: Jul-07-2022 14:16:39: app has been started on port 5001...
info: исполняемый файл: app.js: Jul-07-2022 14:16:39: https has been started on port 5002...
info: исполняемый файл: parserPlanZak.js: Jul-07-2022 14:16:57: POST запрос на создание Плана Закупок
info: исполняемый файл: parserPlanZak.js: Jul-07-2022 14:16:57: Файл создан
info: исполняемый файл: downloadFile.js: Jul-07-2022 14:16:58: Запрос на скачивание
info: исполняемый файл: downloadFile.js: Jul-07-2022 14:16:58: Путь к файлу
info: исполняемый файл: downloadFile.js: Jul-07-2022 14:16:58: Файл с сервера удален
info: исполняемый файл: parserPlanZak.js: Jul-07-2022 14:22:55: POST запрос на создание Плана Закупок
info: исполняемый файл: parserPlanZak.js: Jul-07-2022 14:22:55: Файл создан
info: исполняемый файл: downloadFile.js: Jul-07-2022 14:22:55: Запрос на скачивание
info: исполняемый файл: downloadFile.js: Jul-07-2022 14:22:55: Путь к файлу
error: исполняемый файл: downloadFile.js: Jul-07-2022 14:22:55: Ошибка:  ENOENT: no such file or directory, stat 'D:\Залужный Илья\Сервера Nodejs\jsonToXlsx\Заявка Заявка №72 от 13.01.2022.xlsx'
info: исполняемый файл: app.js: Jul-07-2022 14:23:41: app has been started on port 5001...
info: исполняемый файл: app.js: Jul-07-2022 14:23:41: https has been started on port 5002...
info: исполняемый файл: downloadFile.js: Jul-07-2022 14:23:45: Запрос на скачивание
info: исполняемый файл: downloadFile.js: Jul-07-2022 14:23:45: Путь к файлу
error: исполняемый файл: downloadFile.js: Jul-07-2022 14:23:45: Ошибка:  ENOENT: no such file or directory, stat 'D:\Залужный Илья\Сервера Nodejs\jsonToXlsx\Заявка №72 от 13.01.2022.xlsx'
info: исполняемый файл: parserPlanZak.js: Jul-07-2022 14:23:53: POST запрос на создание Плана Закупок
info: исполняемый файл: parserPlanZak.js: Jul-07-2022 14:23:53: Файл создан
info: исполняемый файл: downloadFile.js: Jul-07-2022 14:23:53: Запрос на скачивание
info: исполняемый файл: downloadFile.js: Jul-07-2022 14:23:53: Путь к файлу
info: исполняемый файл: downloadFile.js: Jul-07-2022 14:23:53: Файл с сервера удален
info: исполняемый файл: parserTender.js: Jul-07-2022 14:25:28: Post запрос Тендерный акт
info: исполняемый файл: parserTender.js: Jul-07-2022 14:25:28: Файл создан
info: исполняемый файл: parserTender.js: Jul-07-2022 14:26:27: Post запрос Тендерный акт
info: исполняемый файл: parserTender.js: Jul-07-2022 14:26:27: Файл создан
info: исполняемый файл: parserTender.js: Jul-07-2022 14:27:34: Post запрос Тендерный акт
info: исполняемый файл: parserTender.js: Jul-07-2022 14:27:34: Файл создан
info: исполняемый файл: parserTender.js: Jul-07-2022 14:28:56: Post запрос Тендерный акт
info: исполняемый файл: parserTender.js: Jul-07-2022 14:28:56: Файл создан
info: исполняемый файл: parserPlanZak.js: Jul-07-2022 14:34:48: POST запрос на создание Плана Закупок
info: исполняемый файл: parserPlanZak.js: Jul-07-2022 14:34:48: Файл создан
info: исполняемый файл: downloadFile.js: Jul-07-2022 14:34:48: Запрос на скачивание
info: исполняемый файл: downloadFile.js: Jul-07-2022 14:34:48: Путь к файлу
info: исполняемый файл: downloadFile.js: Jul-07-2022 14:34:48: Файл с сервера удален
info: исполняемый файл: parserTender.js: Jul-07-2022 14:35:29: Post запрос Тендерный акт
info: исполняемый файл: parserTender.js: Jul-07-2022 14:35:29: Файл создан
info: исполняемый файл: parserPlanZak.js: Jul-07-2022 14:36:10: POST запрос на создание Плана Закупок
info: исполняемый файл: parserPlanZak.js: Jul-07-2022 14:36:10: Файл создан
info: исполняемый файл: downloadFile.js: Jul-07-2022 14:36:10: Запрос на скачивание
info: исполняемый файл: downloadFile.js: Jul-07-2022 14:36:10: Путь к файлу
info: исполняемый файл: downloadFile.js: Jul-07-2022 14:36:10: Файл с сервера удален
info: исполняемый файл: app.js: Jul-07-2022 14:37:42: app has been started on port 5001...
info: исполняемый файл: app.js: Jul-07-2022 14:37:42: https has been started on port 5002...
info: исполняемый файл: parserTender.js: Jul-07-2022 14:38:03: Post запрос Тендерный акт
error: исполняемый файл: parserTender.js: Jul-07-2022 14:38:03: TypeError: Cannot read properties of undefined (reading 'toString')
info: исполняемый файл: parserTender.js: Jul-07-2022 14:39:03: Post запрос Тендерный акт
error: исполняемый файл: parserTender.js: Jul-07-2022 14:39:03: TypeError: Cannot read properties of undefined (reading 'toString')
info: исполняемый файл: app.js: Jul-07-2022 14:40:10: app has been started on port 5001...
info: исполняемый файл: app.js: Jul-07-2022 14:40:10: https has been started on port 5002...
info: исполняемый файл: parserTender.js: Jul-07-2022 14:40:27: Post запрос Тендерный акт
info: исполняемый файл: parserTender.js: Jul-07-2022 14:40:27: Файл создан
info: исполняемый файл: downloadFile.js: Jul-07-2022 14:40:27: Запрос на скачивание
info: исполняемый файл: downloadFile.js: Jul-07-2022 14:40:27: Путь к файлу
info: исполняемый файл: downloadFile.js: Jul-07-2022 14:40:27: Файл с сервера удален
